===============================================================================
The following error occurred on 02-21-2001 at 12:11:
No command line parameters!
Command Line Parameters: 
===============================================================================
The following error occurred on 02-21-2001 at 12:11:
No command line parameters!
Command Line Parameters: 
===============================================================================
The following error occurred on 02-21-2001 at 12:12:
Error 5: Illegal function call
Command Line Parameters: SHAMPAGE.CFG
===============================================================================
The following error occurred on 02-21-2001 at 12:12:
Error 5: Illegal function call
Command Line Parameters: SHAMPAGE.CFG
===============================================================================
The following error occurred on 02-21-2001 at 12:12:
Error 76: Path not found
Couldn't find C:\WC30\WCWORK\NODE1\DOOR.SYS
Command Line Parameters: SHAMPAGE.CFG TIME=80 FOSSIL
===============================================================================
The following error occurred on 04-28-2001 at 01:38:
Error 76: Path not found
Couldn't find C:\WC30\WCWORK\NODE1\DOOR.SYS
Command Line Parameters: SHAMPAGE.CFG TIME=80 FOSSIL
===============================================================================
The following error occurred on 04-28-2001 at 01:38:
Error 76: Path not found
Couldn't find C:\WC30\WCWORK\NODE1\DOOR.SYS
Command Line Parameters: SHAMPAGE.CFG TIME=80 FOSSIL
